<?xml version="1.0" encoding="UTF-8"?>
<testng-results ignored="0" total="1" passed="1" failed="0" skipped="0">
  <reporter-output>
  </reporter-output>
  <suite started-at="2024-11-05T17:13:10 IST" name="Default suite" finished-at="2024-11-05T17:13:10 IST" duration-ms="55">
    <groups>
    </groups>
    <test started-at="2024-11-05T17:13:10 IST" name="Default test" finished-at="2024-11-05T17:13:10 IST" duration-ms="55">
      <class name="com.JavaLearning.javaStreamsLesson">
        <test-method signature="test()[pri:0, instance:com.JavaLearning.javaStreamsLesson@4550bb58]" started-at="2024-11-05T17:13:10 IST" name="test" finished-at="2024-11-05T17:13:10 IST" duration-ms="13" status="PASS">
          <reporter-output>
          </reporter-output>
        </test-method> <!-- test -->
      </class> <!-- com.JavaLearning.javaStreamsLesson -->
    </test> <!-- Default test -->
  </suite> <!-- Default suite -->
</testng-results>
