<?xml version="1.0" encoding="UTF-8"?>
<testng-results ignored="0" total="1" passed="1" failed="0" skipped="0">
  <reporter-output>
  </reporter-output>
  <suite started-at="2024-11-02T12:52:15 IST" name="Default suite" finished-at="2024-11-02T12:52:15 IST" duration-ms="59">
    <groups>
    </groups>
    <test started-at="2024-11-02T12:52:15 IST" name="Default test" finished-at="2024-11-02T12:52:15 IST" duration-ms="59">
      <class name="com.JavaLearning.javaStreamsLesson">
        <test-method signature="Names()[pri:0, instance:com.JavaLearning.javaStreamsLesson@4550bb58]" started-at="2024-11-02T12:52:15 IST" name="Names" finished-at="2024-11-02T12:52:15 IST" duration-ms="11" status="PASS">
          <reporter-output>
          </reporter-output>
        </test-method> <!-- Names -->
      </class> <!-- com.JavaLearning.javaStreamsLesson -->
    </test> <!-- Default test -->
  </suite> <!-- Default suite -->
</testng-results>
